# JRE version: OpenJDK Runtime Environment (8.0_152-b01) (build 1.8.0_152-release-915-b01)
# Java VM: OpenJDK 64-Bit Server VM (25.152-b01 mixed mode linux-amd64 compressed oops)
Heap:
 PSYoungGen      total 443904K, used 0K [0x00000000e0000000, 0x0000000100000000, 0x0000000100000000)
  eden space 401408K, 0% used [0x00000000e0000000,0x00000000e0000000,0x00000000f8800000)
  from space 42496K, 0% used [0x00000000fd680000,0x00000000fd680000,0x0000000100000000)
  to   space 61440K, 0% used [0x00000000f8800000,0x00000000f8800000,0x00000000fc400000)
 ParOldGen       total 143872K, used 135112K [0x00000000a0000000, 0x00000000a8c80000, 0x00000000e0000000)
  object space 143872K, 93% used [0x00000000a0000000,0x00000000a83f23e0,0x00000000a8c80000)
 Metaspace       used 115372K, capacity 120016K, committed 120408K, reserved 1155072K
  class space    used 14100K, capacity 15083K, committed 15232K, reserved 1048576K
GC Heap History (10 events):
Event: 2001,783 GC heap after
Heap after GC invocations=28 (full 4):
 PSYoungGen      total 488960K, used 24182K [0x00000000e0000000, 0x0000000100000000, 0x0000000100000000)
  eden space 458752K, 0% used [0x00000000e0000000,0x00000000e0000000,0x00000000fc000000)
  from space 30208K, 80% used [0x00000000fe280000,0x00000000ffa1d850,0x0000000100000000)
  to   space 32768K, 0% used [0x00000000fc000000,0x00000000fc000000,0x00000000fe000000)
 ParOldGen       total 136704K, used 64083K [0x00000000a0000000, 0x00000000a8580000, 0x00000000e0000000)
  object space 136704K, 46% used [0x00000000a0000000,0x00000000a3e94e48,0x00000000a8580000)
 Metaspace       used 102372K, capacity 106636K, committed 106968K, reserved 1142784K
  class space    used 12896K, capacity 13788K, committed 13824K, reserved 1048576K
}
Event: 2005,193 GC heap before
{Heap before GC invocations=29 (full 4):
 PSYoungGen      total 488960K, used 456503K [0x00000000e0000000, 0x0000000100000000, 0x0000000100000000)
  eden space 458752K, 94% used [0x00000000e0000000,0x00000000fa6303c0,0x00000000fc000000)
  from space 30208K, 80% used [0x00000000fe280000,0x00000000ffa1d850,0x0000000100000000)
  to   space 32768K, 0% used [0x00000000fc000000,0x00000000fc000000,0x00000000fe000000)
 ParOldGen       total 136704K, used 64083K [0x00000000a0000000, 0x00000000a8580000, 0x00000000e0000000)
  object space 136704K, 46% used [0x00000000a0000000,0x00000000a3e94e48,0x00000000a8580000)
 Metaspace       used 104226K, capacity 108606K, committed 109016K, reserved 1144832K
  class space    used 13113K, capacity 14009K, committed 14080K, reserved 1048576K
Event: 2005,248 GC heap after
Heap after GC invocations=29 (full 4):
 PSYoungGen      total 479232K, used 20184K [0x00000000e0000000, 0x0000000100000000, 0x0000000100000000)
  eden space 458752K, 0% used [0x00000000e0000000,0x00000000e0000000,0x00000000fc000000)
  from space 20480K, 98% used [0x00000000fc000000,0x00000000fd3b60d0,0x00000000fd400000)
  to   space 33280K, 0% used [0x00000000fdf80000,0x00000000fdf80000,0x0000000100000000)
 ParOldGen       total 136704K, used 70749K [0x00000000a0000000, 0x00000000a8580000, 0x00000000e0000000)
  object space 136704K, 51% used [0x00000000a0000000,0x00000000a45175e8,0x00000000a8580000)
 Metaspace       used 104226K, capacity 108606K, committed 109016K, reserved 1144832K
  class space    used 13113K, capacity 14009K, committed 14080K, reserved 1048576K
}
Event: 2044,004 GC heap before
{Heap before GC invocations=30 (full 4):
 PSYoungGen      total 479232K, used 478936K [0x00000000e0000000, 0x0000000100000000, 0x0000000100000000)
  eden space 458752K, 100% used [0x00000000e0000000,0x00000000fc000000,0x00000000fc000000)
  from space 20480K, 98% used [0x00000000fc000000,0x00000000fd3b60d0,0x00000000fd400000)
  to   space 33280K, 0% used [0x00000000fdf80000,0x00000000fdf80000,0x0000000100000000)
 ParOldGen       total 136704K, used 70749K [0x00000000a0000000, 0x00000000a8580000, 0x00000000e0000000)
  object space 136704K, 51% used [0x00000000a0000000,0x00000000a45175e8,0x00000000a8580000)
 Metaspace       used 114452K, capacity 119068K, committed 119256K, reserved 1153024K
  class space    used 14073K, capacity 15009K, committed 15104K, reserved 1048576K
Event: 2044,673 GC heap after
Heap after GC invocations=30 (full 4):
 PSYoungGen      total 470528K, used 33251K [0x00000000e0000000, 0x0000000100000000, 0x0000000100000000)
  eden space 437248K, 0% used [0x00000000e0000000,0x00000000e0000000,0x00000000fab00000)
  from space 33280K, 99% used [0x00000000fdf80000,0x00000000ffff8ca0,0x0000000100000000)
  to   space 43520K, 0% used [0x00000000fab00000,0x00000000fab00000,0x00000000fd580000)
 ParOldGen       total 136704K, used 83781K [0x00000000a0000000, 0x00000000a8580000, 0x00000000e0000000)
  object space 136704K, 61% used [0x00000000a0000000,0x00000000a51d1680,0x00000000a8580000)
 Metaspace       used 114452K, capacity 119068K, committed 119256K, reserved 1153024K
  class space    used 14073K, capacity 15009K, committed 15104K, reserved 1048576K
}
Event: 2046,915 GC heap before
{Heap before GC invocations=31 (full 4):
 PSYoungGen      total 470528K, used 470499K [0x00000000e0000000, 0x0000000100000000, 0x0000000100000000)
  eden space 437248K, 100% used [0x00000000e0000000,0x00000000fab00000,0x00000000fab00000)
  from space 33280K, 99% used [0x00000000fdf80000,0x00000000ffff8ca0,0x0000000100000000)
  to   space 43520K, 0% used [0x00000000fab00000,0x00000000fab00000,0x00000000fd580000)
 ParOldGen       total 136704K, used 83781K [0x00000000a0000000, 0x00000000a8580000, 0x00000000e0000000)
  object space 136704K, 61% used [0x00000000a0000000,0x00000000a51d1680,0x00000000a8580000)
 Metaspace       used 115297K, capacity 119996K, committed 120152K, reserved 1155072K
  class space    used 14112K, capacity 15105K, committed 15232K, reserved 1048576K
Event: 2046,973 GC heap after
Heap after GC invocations=31 (full 4):
 PSYoungGen      total 480768K, used 21718K [0x00000000e0000000, 0x0000000100000000, 0x0000000100000000)
  eden space 437248K, 0% used [0x00000000e0000000,0x00000000e0000000,0x00000000fab00000)
  from space 43520K, 49% used [0x00000000fab00000,0x00000000fc035a88,0x00000000fd580000)
  to   space 42496K, 0% used [0x00000000fd680000,0x00000000fd680000,0x0000000100000000)
 ParOldGen       total 136704K, used 109685K [0x00000000a0000000, 0x00000000a8580000, 0x00000000e0000000)
  object space 136704K, 80% used [0x00000000a0000000,0x00000000a6b1d528,0x00000000a8580000)
 Metaspace       used 115297K, capacity 119996K, committed 120152K, reserved 1155072K
  class space    used 14112K, capacity 15105K, committed 15232K, reserved 1048576K
}
Event: 2047,926 GC heap before
{Heap before GC invocations=32 (full 4):
 PSYoungGen      total 480768K, used 458966K [0x00000000e0000000, 0x0000000100000000, 0x0000000100000000)
  eden space 437248K, 100% used [0x00000000e0000000,0x00000000fab00000,0x00000000fab00000)
  from space 43520K, 49% used [0x00000000fab00000,0x00000000fc035a88,0x00000000fd580000)
  to   space 42496K, 0% used [0x00000000fd680000,0x00000000fd680000,0x0000000100000000)
 ParOldGen       total 136704K, used 109685K [0x00000000a0000000, 0x00000000a8580000, 0x00000000e0000000)
  object space 136704K, 80% used [0x00000000a0000000,0x00000000a6b1d528,0x00000000a8580000)
 Metaspace       used 115410K, capacity 120124K, committed 120408K, reserved 1155072K
  class space    used 14112K, capacity 15105K, committed 15232K, reserved 1048576K
Event: 2048,024 GC heap after
Heap after GC invocations=32 (full 4):
 PSYoungGen      total 443904K, used 42467K [0x00000000e0000000, 0x0000000100000000, 0x0000000100000000)
  eden space 401408K, 0% used [0x00000000e0000000,0x00000000e0000000,0x00000000f8800000)
  from space 42496K, 99% used [0x00000000fd680000,0x00000000ffff8c30,0x0000000100000000)
  to   space 61440K, 0% used [0x00000000f8800000,0x00000000f8800000,0x00000000fc400000)
 ParOldGen       total 143872K, used 143619K [0x00000000a0000000, 0x00000000a8c80000, 0x00000000e0000000)
  object space 143872K, 99% used [0x00000000a0000000,0x00000000a8c40cd8,0x00000000a8c80000)
 Metaspace       used 115410K, capacity 120124K, committed 120408K, reserved 1155072K
  class space    used 14112K, capacity 15105K, committed 15232K, reserved 1048576K
}
Event: 2048,024 GC heap before
{Heap before GC invocations=33 (full 5):
 PSYoungGen      total 443904K, used 42467K [0x00000000e0000000, 0x0000000100000000, 0x0000000100000000)
  eden space 401408K, 0% used [0x00000000e0000000,0x00000000e0000000,0x00000000f8800000)
  from space 42496K, 99% used [0x00000000fd680000,0x00000000ffff8c30,0x0000000100000000)
  to   space 61440K, 0% used [0x00000000f8800000,0x00000000f8800000,0x00000000fc400000)
 ParOldGen       total 143872K, used 143619K [0x00000000a0000000, 0x00000000a8c80000, 0x00000000e0000000)
  object space 143872K, 99% used [0x00000000a0000000,0x00000000a8c40cd8,0x00000000a8c80000)
 Metaspace       used 115410K, capacity 120124K, committed 120408K, reserved 1155072K
  class space    used 14112K, capacity 15105K, committed 15232K, reserved 1048576K

